[debug] [2021-10-22T00:52:32.867Z] ----------------------------------------------------------------------
[debug] [2021-10-22T00:52:32.869Z] Command:       /usr/local/bin/node /usr/local/bin/firebase init hosting
[debug] [2021-10-22T00:52:32.869Z] CLI Version:   9.20.0
[debug] [2021-10-22T00:52:32.869Z] Platform:      darwin
[debug] [2021-10-22T00:52:32.869Z] Node Version:  v14.15.0
[debug] [2021-10-22T00:52:32.870Z] Time:          Fri Oct 22 2021 09:52:32 GMT+0900 (日本標準時)
[debug] [2021-10-22T00:52:32.870Z] ----------------------------------------------------------------------
[debug] 
[debug] [2021-10-22T00:52:32.877Z] > command requires scopes: ["email","openid","https://www.googleapis.com/auth/cloudplatformprojects.readonly","https://www.googleapis.com/auth/firebase","https://www.googleapis.com/auth/cloud-platform"]
[debug] [2021-10-22T00:52:32.877Z] > authorizing via signed-in user (retu1118@gmail.com)
[info] 
     ######## #### ########  ######## ########     ###     ######  ########
     ##        ##  ##     ## ##       ##     ##  ##   ##  ##       ##
     ######    ##  ########  ######   ########  #########  ######  ######
     ##        ##  ##    ##  ##       ##     ## ##     ##       ## ##
     ##       #### ##     ## ######## ########  ##     ##  ######  ########

You're about to initialize a Firebase project in this directory:

  /Users/toipptakosan11/GitHub/portfolio/toipptakosan11/frontend

[info] 
=== Project Setup
[info] 
[info] First, let's associate this project directory with a Firebase project.
[info] You can create multiple project aliases by running firebase use --add, 
[info] but for now we'll just set up a default project.
[info] 
[info] i  .firebaserc already has a default project, using toipptakosan11-71185. 
[debug] [2021-10-22T00:52:32.883Z] > refreshing access token with scopes: []
[debug] [2021-10-22T00:52:32.884Z] >>> HTTP REQUEST POST https://www.googleapis.com/oauth2/v3/token  
 <request body omitted>
[debug] [2021-10-22T00:52:33.281Z] <<< HTTP RESPONSE 200 {"pragma":"no-cache","expires":"Mon, 01 Jan 1990 00:00:00 GMT","date":"Fri, 22 Oct 2021 00:52:33 GMT","cache-control":"no-cache, no-store, max-age=0, must-revalidate","content-type":"application/json; charset=utf-8","vary":"X-Origin, Referer, Origin,Accept-Encoding","server":"scaffolding on HTTPServer2","x-xss-protection":"0","x-frame-options":"SAMEORIGIN","x-content-type-options":"nosniff","alt-svc":"h3=\":443\"; ma=2592000,h3-29=\":443\"; ma=2592000,h3-T051=\":443\"; ma=2592000,h3-Q050=\":443\"; ma=2592000,h3-Q046=\":443\"; ma=2592000,h3-Q043=\":443\"; ma=2592000,quic=\":443\"; ma=2592000; v=\"46,43\"","accept-ranges":"none","transfer-encoding":"chunked"}
[debug] [2021-10-22T00:52:33.337Z] >>> [apiv2][query] GET https://firebase.googleapis.com/v1beta1/projects/toipptakosan11-71185 [none]
[debug] [2021-10-22T00:52:34.060Z] <<< [apiv2][status] GET https://firebase.googleapis.com/v1beta1/projects/toipptakosan11-71185 200
[debug] [2021-10-22T00:52:34.061Z] <<< [apiv2][body] GET https://firebase.googleapis.com/v1beta1/projects/toipptakosan11-71185 {"projectId":"toipptakosan11-71185","projectNumber":"623468101161","displayName":"toipptakosan11","name":"projects/toipptakosan11-71185","resources":{"hostingSite":"toipptakosan11-71185","realtimeDatabaseInstance":"toipptakosan11-71185","storageBucket":"toipptakosan11-71185.appspot.com","locationId":"asia-northeast1"},"state":"ACTIVE"}
[info] 
=== Hosting Setup
[info] 
[info] Your public directory is the folder (relative to your project directory) that
[info] will contain Hosting assets to be uploaded with firebase deploy. If you
[info] have a build process for your assets, use your build's output directory.
[info] 
