[debug] [2021-10-11T16:34:13.505Z] ----------------------------------------------------------------------
[debug] [2021-10-11T16:34:13.507Z] Command:       /usr/local/bin/node /usr/local/bin/firebase emulators:start --only functions
[debug] [2021-10-11T16:34:13.507Z] CLI Version:   9.20.0
[debug] [2021-10-11T16:34:13.507Z] Platform:      darwin
[debug] [2021-10-11T16:34:13.507Z] Node Version:  v14.15.0
[debug] [2021-10-11T16:34:13.508Z] Time:          Tue Oct 12 2021 01:34:13 GMT+0900 (日本標準時)
[debug] [2021-10-11T16:34:13.508Z] ----------------------------------------------------------------------
[debug] 
[debug] [2021-10-11T16:34:13.564Z] > command requires scopes: ["email","openid","https://www.googleapis.com/auth/cloudplatformprojects.readonly","https://www.googleapis.com/auth/firebase","https://www.googleapis.com/auth/cloud-platform"]
[debug] [2021-10-11T16:34:13.564Z] > authorizing via signed-in user (retu1118@gmail.com)
[info] i  emulators: Starting emulators: functions {"metadata":{"emulator":{"name":"hub"},"message":"Starting emulators: functions"}}
[debug] [2021-10-11T16:34:13.588Z] [hub] writing locator at /var/folders/5c/hv0n5c311d5f2251j4qgxp540000gn/T/hub-toipptakosan11-71185.json
[warn] ⚠  functions: The following emulators are not running, calls to these services from the Functions emulator will affect production: auth, firestore, database, hosting, pubsub, storage {"metadata":{"emulator":{"name":"functions"},"message":"The following emulators are not running, calls to these services from the Functions emulator will affect production: \u001b[1mauth, firestore, database, hosting, pubsub, storage\u001b[22m"}}
[info] ✔  functions: Using node@14 from host. {"metadata":{"emulator":{"name":"functions"},"message":"Using node@14 from host."}}
[debug] [2021-10-11T16:34:13.631Z] defaultcredentials: writing to file /Users/toipptakosan11/.config/firebase/retu1118_gmail_com_application_default_credentials.json
[debug] [2021-10-11T16:34:13.634Z] Setting GAC to /Users/toipptakosan11/.config/firebase/retu1118_gmail_com_application_default_credentials.json {"metadata":{"emulator":{"name":"functions"},"message":"Setting GAC to /Users/toipptakosan11/.config/firebase/retu1118_gmail_com_application_default_credentials.json"}}
[debug] [2021-10-11T16:34:13.636Z] >>> [apiv2][query] GET https://firebase.googleapis.com/v1beta1/projects/toipptakosan11-71185/adminSdkConfig [none]
[debug] [2021-10-11T16:34:14.110Z] <<< [apiv2][status] GET https://firebase.googleapis.com/v1beta1/projects/toipptakosan11-71185/adminSdkConfig 200
[debug] [2021-10-11T16:34:14.110Z] <<< [apiv2][body] GET https://firebase.googleapis.com/v1beta1/projects/toipptakosan11-71185/adminSdkConfig {"projectId":"toipptakosan11-71185","databaseURL":"https://toipptakosan11-71185.firebaseio.com","storageBucket":"toipptakosan11-71185.appspot.com"}
[debug] [2021-10-11T16:34:14.652Z] Ignoring unsupported arg: auto_download {"metadata":{"emulator":{"name":"ui"},"message":"Ignoring unsupported arg: auto_download"}}
[debug] [2021-10-11T16:34:14.652Z] Ignoring unsupported arg: port {"metadata":{"emulator":{"name":"ui"},"message":"Ignoring unsupported arg: port"}}
[debug] [2021-10-11T16:34:14.653Z] Starting Emulator UI with command {"binary":"node","args":["/Users/toipptakosan11/.cache/firebase/emulators/ui-v1.6.3/server.bundle.js"],"optionalArgs":[],"joinArgs":false} {"metadata":{"emulator":{"name":"ui"},"message":"Starting Emulator UI with command {\"binary\":\"node\",\"args\":[\"/Users/toipptakosan11/.cache/firebase/emulators/ui-v1.6.3/server.bundle.js\"],\"optionalArgs\":[],\"joinArgs\":false}"}}
[info] i  ui: Emulator UI logging to ui-debug.log {"metadata":{"emulator":{"name":"ui"},"message":"Emulator UI logging to \u001b[1mui-debug.log\u001b[22m"}}
[debug] [2021-10-11T16:34:14.756Z] Web / API server started at localhost:4000
 {"metadata":{"emulator":{"name":"ui"},"message":"Web / API server started at localhost:4000\n"}}
[info] i  functions: Watching "/Users/toipptakosan11/GitHub/portfolio/mypage/functions" for Cloud Functions... {"metadata":{"emulator":{"name":"functions"},"message":"Watching \"/Users/toipptakosan11/GitHub/portfolio/mypage/functions\" for Cloud Functions..."}}
[debug] [2021-10-11T16:34:14.927Z] [worker-pool] addWorker(~diagnostic~) {"metadata":{"emulator":{"name":"functions"},"message":"[worker-pool] addWorker(~diagnostic~)"}}
[debug] [2021-10-11T16:34:14.931Z] [worker-pool] Adding worker with key ~diagnostic~, total=1 {"metadata":{"emulator":{"name":"functions"},"message":"[worker-pool] Adding worker with key ~diagnostic~, total=1"}}
[debug] [2021-10-11T16:34:14.931Z] [worker-pool] submitWork(triggerId=) {"metadata":{"emulator":{"name":"functions"},"message":"[worker-pool] submitWork(triggerId=)"}}
[debug] [2021-10-11T16:34:14.932Z] [worker-~diagnostic~-cb569b10-a534-49ba-b76c-a3c3923c1376]: Assigning socketPath: /var/folders/5c/hv0n5c311d5f2251j4qgxp540000gn/T/fire_emu_43469.sock {"metadata":{"emulator":{"name":"functions"},"message":"[worker-~diagnostic~-cb569b10-a534-49ba-b76c-a3c3923c1376]: Assigning socketPath: /var/folders/5c/hv0n5c311d5f2251j4qgxp540000gn/T/fire_emu_43469.sock"}}
[debug] [2021-10-11T16:34:14.932Z] [worker-~diagnostic~-cb569b10-a534-49ba-b76c-a3c3923c1376]: BUSY {"metadata":{"emulator":{"name":"functions"},"message":"[worker-~diagnostic~-cb569b10-a534-49ba-b76c-a3c3923c1376]: BUSY"}}
[debug] [2021-10-11T16:34:15.065Z] [runtime-status] [43469] Functions runtime initialized. {"cwd":"/Users/toipptakosan11/GitHub/portfolio/mypage/functions","node_version":"14.15.0"} {"metadata":{"emulator":{"name":"functions"},"message":"[runtime-status] [43469] Functions runtime initialized. {\"cwd\":\"/Users/toipptakosan11/GitHub/portfolio/mypage/functions\",\"node_version\":\"14.15.0\"}"}}
[debug] [2021-10-11T16:34:15.066Z] [runtime-status] [43469] Disabled runtime features: undefined {"metadata":{"emulator":{"name":"functions"},"message":"[runtime-status] [43469] Disabled runtime features: undefined"}}
[debug] [2021-10-11T16:34:15.068Z] [runtime-status] [43469] Resolved module firebase-admin {"declared":true,"installed":true,"version":"9.12.0","resolution":"/Users/toipptakosan11/GitHub/portfolio/mypage/functions/node_modules/firebase-admin/lib/index.js"} {"metadata":{"emulator":{"name":"functions"},"message":"[runtime-status] [43469] Resolved module firebase-admin {\"declared\":true,\"installed\":true,\"version\":\"9.12.0\",\"resolution\":\"/Users/toipptakosan11/GitHub/portfolio/mypage/functions/node_modules/firebase-admin/lib/index.js\"}"}}
[debug] [2021-10-11T16:34:15.070Z] [runtime-status] [43469] Resolved module firebase-functions {"declared":true,"installed":true,"version":"3.15.7","resolution":"/Users/toipptakosan11/GitHub/portfolio/mypage/functions/node_modules/firebase-functions/lib/index.js"} {"metadata":{"emulator":{"name":"functions"},"message":"[runtime-status] [43469] Resolved module firebase-functions {\"declared\":true,\"installed\":true,\"version\":\"3.15.7\",\"resolution\":\"/Users/toipptakosan11/GitHub/portfolio/mypage/functions/node_modules/firebase-functions/lib/index.js\"}"}}
[debug] [2021-10-11T16:34:15.071Z] [runtime-status] [43469] Outgoing network have been stubbed. [{"name":"http","status":"mocked"},{"name":"http","status":"mocked"},{"name":"https","status":"mocked"},{"name":"https","status":"mocked"},{"name":"net","status":"mocked"}] {"metadata":{"emulator":{"name":"functions"},"message":"[runtime-status] [43469] Outgoing network have been stubbed. [{\"name\":\"http\",\"status\":\"mocked\"},{\"name\":\"http\",\"status\":\"mocked\"},{\"name\":\"https\",\"status\":\"mocked\"},{\"name\":\"https\",\"status\":\"mocked\"},{\"name\":\"net\",\"status\":\"mocked\"}]"}}
[debug] [2021-10-11T16:34:15.073Z] [runtime-status] [43469] Resolved module firebase-functions {"declared":true,"installed":true,"version":"3.15.7","resolution":"/Users/toipptakosan11/GitHub/portfolio/mypage/functions/node_modules/firebase-functions/lib/index.js"} {"metadata":{"emulator":{"name":"functions"},"message":"[runtime-status] [43469] Resolved module firebase-functions {\"declared\":true,\"installed\":true,\"version\":\"3.15.7\",\"resolution\":\"/Users/toipptakosan11/GitHub/portfolio/mypage/functions/node_modules/firebase-functions/lib/index.js\"}"}}
[debug] [2021-10-11T16:34:15.103Z] [runtime-status] [43469] Checked functions.config() {"config":{"microcms":{"api_key":"806c092f-8e1a-4830-8fbb-b0208018a056"}}} {"metadata":{"emulator":{"name":"functions"},"message":"[runtime-status] [43469] Checked functions.config() {\"config\":{\"microcms\":{\"api_key\":\"806c092f-8e1a-4830-8fbb-b0208018a056\"}}}"}}
[debug] [2021-10-11T16:34:15.103Z] [runtime-status] [43469] firebase-functions has been stubbed. {"functionsResolution":{"declared":true,"installed":true,"version":"3.15.7","resolution":"/Users/toipptakosan11/GitHub/portfolio/mypage/functions/node_modules/firebase-functions/lib/index.js"}} {"metadata":{"emulator":{"name":"functions"},"message":"[runtime-status] [43469] firebase-functions has been stubbed. {\"functionsResolution\":{\"declared\":true,\"installed\":true,\"version\":\"3.15.7\",\"resolution\":\"/Users/toipptakosan11/GitHub/portfolio/mypage/functions/node_modules/firebase-functions/lib/index.js\"}}"}}
[debug] [2021-10-11T16:34:15.103Z] [runtime-status] [43469] Resolved module firebase-functions {"declared":true,"installed":true,"version":"3.15.7","resolution":"/Users/toipptakosan11/GitHub/portfolio/mypage/functions/node_modules/firebase-functions/lib/index.js"} {"metadata":{"emulator":{"name":"functions"},"message":"[runtime-status] [43469] Resolved module firebase-functions {\"declared\":true,\"installed\":true,\"version\":\"3.15.7\",\"resolution\":\"/Users/toipptakosan11/GitHub/portfolio/mypage/functions/node_modules/firebase-functions/lib/index.js\"}"}}
[debug] [2021-10-11T16:34:15.104Z] [runtime-status] [43469] Resolved module firebase-admin {"declared":true,"installed":true,"version":"9.12.0","resolution":"/Users/toipptakosan11/GitHub/portfolio/mypage/functions/node_modules/firebase-admin/lib/index.js"} {"metadata":{"emulator":{"name":"functions"},"message":"[runtime-status] [43469] Resolved module firebase-admin {\"declared\":true,\"installed\":true,\"version\":\"9.12.0\",\"resolution\":\"/Users/toipptakosan11/GitHub/portfolio/mypage/functions/node_modules/firebase-admin/lib/index.js\"}"}}
[debug] [2021-10-11T16:34:15.104Z] [runtime-status] [43469] Resolved module firebase-functions {"declared":true,"installed":true,"version":"3.15.7","resolution":"/Users/toipptakosan11/GitHub/portfolio/mypage/functions/node_modules/firebase-functions/lib/index.js"} {"metadata":{"emulator":{"name":"functions"},"message":"[runtime-status] [43469] Resolved module firebase-functions {\"declared\":true,\"installed\":true,\"version\":\"3.15.7\",\"resolution\":\"/Users/toipptakosan11/GitHub/portfolio/mypage/functions/node_modules/firebase-functions/lib/index.js\"}"}}
[debug] [2021-10-11T16:34:15.105Z] [runtime-status] [43469] firebase-admin has been stubbed. {"adminResolution":{"declared":true,"installed":true,"version":"9.12.0","resolution":"/Users/toipptakosan11/GitHub/portfolio/mypage/functions/node_modules/firebase-admin/lib/index.js"}} {"metadata":{"emulator":{"name":"functions"},"message":"[runtime-status] [43469] firebase-admin has been stubbed. {\"adminResolution\":{\"declared\":true,\"installed\":true,\"version\":\"9.12.0\",\"resolution\":\"/Users/toipptakosan11/GitHub/portfolio/mypage/functions/node_modules/firebase-admin/lib/index.js\"}}"}}
[info] ✔  functions[asia-northeast1-api]: http function initialized (http://localhost:5001/toipptakosan11-71185/asia-northeast1/api). {"metadata":{"emulator":{"name":"functions"},"message":"\u001b[1mhttp\u001b[22m function initialized (http://localhost:5001/toipptakosan11-71185/asia-northeast1/api)."}}
[info] 
┌─────────────────────────────────────────────────────────────┐
│ ✔  All emulators ready! It is now safe to connect your app. │
│ i  View Emulator UI at http://localhost:4000                │
└─────────────────────────────────────────────────────────────┘

┌───────────┬────────────────┬─────────────────────────────────┐
│ Emulator  │ Host:Port      │ View in Emulator UI             │
├───────────┼────────────────┼─────────────────────────────────┤
│ Functions │ localhost:5001 │ http://localhost:4000/functions │
└───────────┴────────────────┴─────────────────────────────────┘
  Emulator Hub running at localhost:4400
  Other reserved ports: 4500

Issues? Report them at https://github.com/firebase/firebase-tools/issues and attach the *-debug.log files.
 
[info] >  [Nest] 43469  - 2021/10/11 16:34:15     LOG [NestFactory] Starting Nest application... {"user":"\u001b[32m[Nest] 43469  - \u001b[39m2021/10/11 16:34:15 \u001b[32m    LOG\u001b[39m \u001b[38;5;3m[NestFactory] \u001b[39m\u001b[32mStarting Nest application...\u001b[39m","metadata":{"emulator":{"name":"functions"},"message":"\u001b[90m> \u001b[39m \u001b[32m[Nest] 43469  - \u001b[39m2021/10/11 16:34:15 \u001b[32m    LOG\u001b[39m \u001b[38;5;3m[NestFactory] \u001b[39m\u001b[32mStarting Nest application...\u001b[39m"}}
[debug] [2021-10-11T16:34:15.435Z] [worker-~diagnostic~-cb569b10-a534-49ba-b76c-a3c3923c1376]: IDLE {"metadata":{"emulator":{"name":"functions"},"message":"[worker-~diagnostic~-cb569b10-a534-49ba-b76c-a3c3923c1376]: IDLE"}}
[info] >  [Nest] 43469  - 2021/10/11 16:34:15     LOG [InstanceLoader] AppModule dependencies initialized +32ms {"user":"\u001b[32m[Nest] 43469  - \u001b[39m2021/10/11 16:34:15 \u001b[32m    LOG\u001b[39m \u001b[38;5;3m[InstanceLoader] \u001b[39m\u001b[32mAppModule dependencies initialized\u001b[39m\u001b[38;5;3m +32ms\u001b[39m","metadata":{"emulator":{"name":"functions"},"message":"\u001b[90m> \u001b[39m \u001b[32m[Nest] 43469  - \u001b[39m2021/10/11 16:34:15 \u001b[32m    LOG\u001b[39m \u001b[38;5;3m[InstanceLoader] \u001b[39m\u001b[32mAppModule dependencies initialized\u001b[39m\u001b[38;5;3m +32ms\u001b[39m"}}
[info] >  [Nest] 43469  - 2021/10/11 16:34:15     LOG [RoutesResolver] MembersController {/members}: +6ms {"user":"\u001b[32m[Nest] 43469  - \u001b[39m2021/10/11 16:34:15 \u001b[32m    LOG\u001b[39m \u001b[38;5;3m[RoutesResolver] \u001b[39m\u001b[32mMembersController {/members}:\u001b[39m\u001b[38;5;3m +6ms\u001b[39m","metadata":{"emulator":{"name":"functions"},"message":"\u001b[90m> \u001b[39m \u001b[32m[Nest] 43469  - \u001b[39m2021/10/11 16:34:15 \u001b[32m    LOG\u001b[39m \u001b[38;5;3m[RoutesResolver] \u001b[39m\u001b[32mMembersController {/members}:\u001b[39m\u001b[38;5;3m +6ms\u001b[39m"}}
[info] >  [Nest] 43469  - 2021/10/11 16:34:15     LOG [RouterExplorer] Mapped {/members/:id, GET} route +4ms {"user":"\u001b[32m[Nest] 43469  - \u001b[39m2021/10/11 16:34:15 \u001b[32m    LOG\u001b[39m \u001b[38;5;3m[RouterExplorer] \u001b[39m\u001b[32mMapped {/members/:id, GET} route\u001b[39m\u001b[38;5;3m +4ms\u001b[39m","metadata":{"emulator":{"name":"functions"},"message":"\u001b[90m> \u001b[39m \u001b[32m[Nest] 43469  - \u001b[39m2021/10/11 16:34:15 \u001b[32m    LOG\u001b[39m \u001b[38;5;3m[RouterExplorer] \u001b[39m\u001b[32mMapped {/members/:id, GET} route\u001b[39m\u001b[38;5;3m +4ms\u001b[39m"}}
[info] >  [Nest] 43469  - 2021/10/11 16:34:15     LOG [RouterExplorer] Mapped {/members, GET} route +0ms {"user":"\u001b[32m[Nest] 43469  - \u001b[39m2021/10/11 16:34:15 \u001b[32m    LOG\u001b[39m \u001b[38;5;3m[RouterExplorer] \u001b[39m\u001b[32mMapped {/members, GET} route\u001b[39m\u001b[38;5;3m +0ms\u001b[39m","metadata":{"emulator":{"name":"functions"},"message":"\u001b[90m> \u001b[39m \u001b[32m[Nest] 43469  - \u001b[39m2021/10/11 16:34:15 \u001b[32m    LOG\u001b[39m \u001b[38;5;3m[RouterExplorer] \u001b[39m\u001b[32mMapped {/members, GET} route\u001b[39m\u001b[38;5;3m +0ms\u001b[39m"}}
[info] >  [Nest] 43469  - 2021/10/11 16:34:15     LOG [NestApplication] Nest application successfully started +7ms {"user":"\u001b[32m[Nest] 43469  - \u001b[39m2021/10/11 16:34:15 \u001b[32m    LOG\u001b[39m \u001b[38;5;3m[NestApplication] \u001b[39m\u001b[32mNest application successfully started\u001b[39m\u001b[38;5;3m +7ms\u001b[39m","metadata":{"emulator":{"name":"functions"},"message":"\u001b[90m> \u001b[39m \u001b[32m[Nest] 43469  - \u001b[39m2021/10/11 16:34:15 \u001b[32m    LOG\u001b[39m \u001b[38;5;3m[NestApplication] \u001b[39m\u001b[32mNest application successfully started\u001b[39m\u001b[38;5;3m +7ms\u001b[39m"}}
[info] >  Nest Ready {"user":"Nest Ready","metadata":{"emulator":{"name":"functions"},"message":"\u001b[90m> \u001b[39m Nest Ready"}}
[debug] [2021-10-11T16:34:18.993Z] [work-queue] {"queueLength":1,"workRunningCount":0}
[debug] [2021-10-11T16:34:18.993Z] [work-queue] {"queueLength":0,"workRunningCount":1}
[debug] [2021-10-11T16:34:18.994Z] Accepted request GET /toipptakosan11-71185/asia-northeast1/api/members --> asia-northeast1-api
[debug] [2021-10-11T16:34:19.000Z] [worker-pool] addWorker(asia-northeast1-api) {"metadata":{"emulator":{"name":"functions"},"message":"[worker-pool] addWorker(asia-northeast1-api)"}}
[debug] [2021-10-11T16:34:19.000Z] [worker-pool] Adding worker with key asia-northeast1-api, total=1 {"metadata":{"emulator":{"name":"functions"},"message":"[worker-pool] Adding worker with key asia-northeast1-api, total=1"}}
[debug] [2021-10-11T16:34:19.000Z] [worker-pool] submitWork(triggerId=asia-northeast1-api) {"metadata":{"emulator":{"name":"functions"},"message":"[worker-pool] submitWork(triggerId=asia-northeast1-api)"}}
[debug] [2021-10-11T16:34:19.000Z] [worker-asia-northeast1-api-50abddd5-5107-4fd2-ba0e-fc98c7c47e7d]: Assigning socketPath: /var/folders/5c/hv0n5c311d5f2251j4qgxp540000gn/T/fire_emu_43479.sock {"metadata":{"emulator":{"name":"functions"},"message":"[worker-asia-northeast1-api-50abddd5-5107-4fd2-ba0e-fc98c7c47e7d]: Assigning socketPath: /var/folders/5c/hv0n5c311d5f2251j4qgxp540000gn/T/fire_emu_43479.sock"}}
[debug] [2021-10-11T16:34:19.000Z] [worker-asia-northeast1-api-50abddd5-5107-4fd2-ba0e-fc98c7c47e7d]: BUSY {"metadata":{"emulator":{"name":"functions"},"message":"[worker-asia-northeast1-api-50abddd5-5107-4fd2-ba0e-fc98c7c47e7d]: BUSY"}}
[debug] [2021-10-11T16:34:19.131Z] [runtime-status] [43479] Functions runtime initialized. {"cwd":"/Users/toipptakosan11/GitHub/portfolio/mypage/functions","node_version":"14.15.0"} {"metadata":{"emulator":{"name":"functions"},"function":{"name":"asia-northeast1-api"},"message":"[runtime-status] [43479] Functions runtime initialized. {\"cwd\":\"/Users/toipptakosan11/GitHub/portfolio/mypage/functions\",\"node_version\":\"14.15.0\"}"}}
[debug] [2021-10-11T16:34:19.132Z] [runtime-status] [43479] Disabled runtime features: undefined {"metadata":{"emulator":{"name":"functions"},"function":{"name":"asia-northeast1-api"},"message":"[runtime-status] [43479] Disabled runtime features: undefined"}}
[debug] [2021-10-11T16:34:19.134Z] [runtime-status] [43479] Resolved module firebase-admin {"declared":true,"installed":true,"version":"9.12.0","resolution":"/Users/toipptakosan11/GitHub/portfolio/mypage/functions/node_modules/firebase-admin/lib/index.js"} {"metadata":{"emulator":{"name":"functions"},"function":{"name":"asia-northeast1-api"},"message":"[runtime-status] [43479] Resolved module firebase-admin {\"declared\":true,\"installed\":true,\"version\":\"9.12.0\",\"resolution\":\"/Users/toipptakosan11/GitHub/portfolio/mypage/functions/node_modules/firebase-admin/lib/index.js\"}"}}
[debug] [2021-10-11T16:34:19.136Z] [runtime-status] [43479] Resolved module firebase-functions {"declared":true,"installed":true,"version":"3.15.7","resolution":"/Users/toipptakosan11/GitHub/portfolio/mypage/functions/node_modules/firebase-functions/lib/index.js"} {"metadata":{"emulator":{"name":"functions"},"function":{"name":"asia-northeast1-api"},"message":"[runtime-status] [43479] Resolved module firebase-functions {\"declared\":true,\"installed\":true,\"version\":\"3.15.7\",\"resolution\":\"/Users/toipptakosan11/GitHub/portfolio/mypage/functions/node_modules/firebase-functions/lib/index.js\"}"}}
[debug] [2021-10-11T16:34:19.138Z] [runtime-status] [43479] Outgoing network have been stubbed. [{"name":"http","status":"mocked"},{"name":"http","status":"mocked"},{"name":"https","status":"mocked"},{"name":"https","status":"mocked"},{"name":"net","status":"mocked"}] {"metadata":{"emulator":{"name":"functions"},"function":{"name":"asia-northeast1-api"},"message":"[runtime-status] [43479] Outgoing network have been stubbed. [{\"name\":\"http\",\"status\":\"mocked\"},{\"name\":\"http\",\"status\":\"mocked\"},{\"name\":\"https\",\"status\":\"mocked\"},{\"name\":\"https\",\"status\":\"mocked\"},{\"name\":\"net\",\"status\":\"mocked\"}]"}}
[debug] [2021-10-11T16:34:19.140Z] [runtime-status] [43479] Resolved module firebase-functions {"declared":true,"installed":true,"version":"3.15.7","resolution":"/Users/toipptakosan11/GitHub/portfolio/mypage/functions/node_modules/firebase-functions/lib/index.js"} {"metadata":{"emulator":{"name":"functions"},"function":{"name":"asia-northeast1-api"},"message":"[runtime-status] [43479] Resolved module firebase-functions {\"declared\":true,\"installed\":true,\"version\":\"3.15.7\",\"resolution\":\"/Users/toipptakosan11/GitHub/portfolio/mypage/functions/node_modules/firebase-functions/lib/index.js\"}"}}
[debug] [2021-10-11T16:34:19.171Z] [runtime-status] [43479] Checked functions.config() {"config":{"microcms":{"api_key":"806c092f-8e1a-4830-8fbb-b0208018a056"}}} {"metadata":{"emulator":{"name":"functions"},"function":{"name":"asia-northeast1-api"},"message":"[runtime-status] [43479] Checked functions.config() {\"config\":{\"microcms\":{\"api_key\":\"806c092f-8e1a-4830-8fbb-b0208018a056\"}}}"}}
[debug] [2021-10-11T16:34:19.171Z] [runtime-status] [43479] firebase-functions has been stubbed. {"functionsResolution":{"declared":true,"installed":true,"version":"3.15.7","resolution":"/Users/toipptakosan11/GitHub/portfolio/mypage/functions/node_modules/firebase-functions/lib/index.js"}} {"metadata":{"emulator":{"name":"functions"},"function":{"name":"asia-northeast1-api"},"message":"[runtime-status] [43479] firebase-functions has been stubbed. {\"functionsResolution\":{\"declared\":true,\"installed\":true,\"version\":\"3.15.7\",\"resolution\":\"/Users/toipptakosan11/GitHub/portfolio/mypage/functions/node_modules/firebase-functions/lib/index.js\"}}"}}
[debug] [2021-10-11T16:34:19.172Z] [runtime-status] [43479] Resolved module firebase-functions {"declared":true,"installed":true,"version":"3.15.7","resolution":"/Users/toipptakosan11/GitHub/portfolio/mypage/functions/node_modules/firebase-functions/lib/index.js"} {"metadata":{"emulator":{"name":"functions"},"function":{"name":"asia-northeast1-api"},"message":"[runtime-status] [43479] Resolved module firebase-functions {\"declared\":true,\"installed\":true,\"version\":\"3.15.7\",\"resolution\":\"/Users/toipptakosan11/GitHub/portfolio/mypage/functions/node_modules/firebase-functions/lib/index.js\"}"}}
[debug] [2021-10-11T16:34:19.172Z] [runtime-status] [43479] Resolved module firebase-admin {"declared":true,"installed":true,"version":"9.12.0","resolution":"/Users/toipptakosan11/GitHub/portfolio/mypage/functions/node_modules/firebase-admin/lib/index.js"} {"metadata":{"emulator":{"name":"functions"},"function":{"name":"asia-northeast1-api"},"message":"[runtime-status] [43479] Resolved module firebase-admin {\"declared\":true,\"installed\":true,\"version\":\"9.12.0\",\"resolution\":\"/Users/toipptakosan11/GitHub/portfolio/mypage/functions/node_modules/firebase-admin/lib/index.js\"}"}}
[debug] [2021-10-11T16:34:19.173Z] [runtime-status] [43479] Resolved module firebase-functions {"declared":true,"installed":true,"version":"3.15.7","resolution":"/Users/toipptakosan11/GitHub/portfolio/mypage/functions/node_modules/firebase-functions/lib/index.js"} {"metadata":{"emulator":{"name":"functions"},"function":{"name":"asia-northeast1-api"},"message":"[runtime-status] [43479] Resolved module firebase-functions {\"declared\":true,\"installed\":true,\"version\":\"3.15.7\",\"resolution\":\"/Users/toipptakosan11/GitHub/portfolio/mypage/functions/node_modules/firebase-functions/lib/index.js\"}"}}
[debug] [2021-10-11T16:34:19.173Z] [runtime-status] [43479] firebase-admin has been stubbed. {"adminResolution":{"declared":true,"installed":true,"version":"9.12.0","resolution":"/Users/toipptakosan11/GitHub/portfolio/mypage/functions/node_modules/firebase-admin/lib/index.js"}} {"metadata":{"emulator":{"name":"functions"},"function":{"name":"asia-northeast1-api"},"message":"[runtime-status] [43479] firebase-admin has been stubbed. {\"adminResolution\":{\"declared\":true,\"installed\":true,\"version\":\"9.12.0\",\"resolution\":\"/Users/toipptakosan11/GitHub/portfolio/mypage/functions/node_modules/firebase-admin/lib/index.js\"}}"}}
[info] >  [Nest] 43479  - 2021/10/11 16:34:19     LOG [NestFactory] Starting Nest application... {"user":"\u001b[32m[Nest] 43479  - \u001b[39m2021/10/11 16:34:19 \u001b[32m    LOG\u001b[39m \u001b[38;5;3m[NestFactory] \u001b[39m\u001b[32mStarting Nest application...\u001b[39m","metadata":{"emulator":{"name":"functions"},"function":{"name":"asia-northeast1-api"},"message":"\u001b[90m> \u001b[39m \u001b[32m[Nest] 43479  - \u001b[39m2021/10/11 16:34:19 \u001b[32m    LOG\u001b[39m \u001b[38;5;3m[NestFactory] \u001b[39m\u001b[32mStarting Nest application...\u001b[39m"}}
[debug] [2021-10-11T16:34:19.465Z] [runtime-status] [43479] Trigger "asia-northeast1-api" has been found, beginning invocation! {"metadata":{"emulator":{"name":"functions"},"function":{"name":"asia-northeast1-api"},"message":"[runtime-status] [43479] Trigger \"asia-northeast1-api\" has been found, beginning invocation!"}}
[info] i  functions: Beginning execution of "asia-northeast1-api" {"metadata":{"emulator":{"name":"functions"},"function":{"name":"asia-northeast1-api"},"message":"Beginning execution of \"asia-northeast1-api\""}}
[debug] [2021-10-11T16:34:19.465Z] [runtime-status] [43479] triggerDefinition {"regions":["asia-northeast1"],"httpsTrigger":{},"name":"api","entryPoint":"api","region":"asia-northeast1","id":"asia-northeast1-api"} {"metadata":{"emulator":{"name":"functions"},"function":{"name":"asia-northeast1-api"},"message":"[runtime-status] [43479] triggerDefinition {\"regions\":[\"asia-northeast1\"],\"httpsTrigger\":{},\"name\":\"api\",\"entryPoint\":\"api\",\"region\":\"asia-northeast1\",\"id\":\"asia-northeast1-api\"}"}}
[debug] [2021-10-11T16:34:19.466Z] [runtime-status] [43479] Running asia-northeast1-api in signature http {"metadata":{"emulator":{"name":"functions"},"function":{"name":"asia-northeast1-api"},"message":"[runtime-status] [43479] Running asia-northeast1-api in signature http"}}
[debug] [2021-10-11T16:34:19.468Z] [runtime-status] [43479] Attempting to listen to socketPath: /var/folders/5c/hv0n5c311d5f2251j4qgxp540000gn/T/fire_emu_43479.sock {"metadata":{"emulator":{"name":"functions"},"function":{"name":"asia-northeast1-api"},"message":"[runtime-status] [43479] Attempting to listen to socketPath: /var/folders/5c/hv0n5c311d5f2251j4qgxp540000gn/T/fire_emu_43479.sock"}}
[info] >  [Nest] 43479  - 2021/10/11 16:34:19     LOG [InstanceLoader] AppModule dependencies initialized +33ms {"user":"\u001b[32m[Nest] 43479  - \u001b[39m2021/10/11 16:34:19 \u001b[32m    LOG\u001b[39m \u001b[38;5;3m[InstanceLoader] \u001b[39m\u001b[32mAppModule dependencies initialized\u001b[39m\u001b[38;5;3m +33ms\u001b[39m","metadata":{"emulator":{"name":"functions"},"function":{"name":"asia-northeast1-api"},"message":"\u001b[90m> \u001b[39m \u001b[32m[Nest] 43479  - \u001b[39m2021/10/11 16:34:19 \u001b[32m    LOG\u001b[39m \u001b[38;5;3m[InstanceLoader] \u001b[39m\u001b[32mAppModule dependencies initialized\u001b[39m\u001b[38;5;3m +33ms\u001b[39m"}}
[info] >  [Nest] 43479  - 2021/10/11 16:34:19     LOG [RoutesResolver] MembersController {/members}: +4ms {"user":"\u001b[32m[Nest] 43479  - \u001b[39m2021/10/11 16:34:19 \u001b[32m    LOG\u001b[39m \u001b[38;5;3m[RoutesResolver] \u001b[39m\u001b[32mMembersController {/members}:\u001b[39m\u001b[38;5;3m +4ms\u001b[39m","metadata":{"emulator":{"name":"functions"},"function":{"name":"asia-northeast1-api"},"message":"\u001b[90m> \u001b[39m \u001b[32m[Nest] 43479  - \u001b[39m2021/10/11 16:34:19 \u001b[32m    LOG\u001b[39m \u001b[38;5;3m[RoutesResolver] \u001b[39m\u001b[32mMembersController {/members}:\u001b[39m\u001b[38;5;3m +4ms\u001b[39m"}}
[info] >  [Nest] 43479  - 2021/10/11 16:34:19     LOG [RouterExplorer] Mapped {/members/:id, GET} route +2ms {"user":"\u001b[32m[Nest] 43479  - \u001b[39m2021/10/11 16:34:19 \u001b[32m    LOG\u001b[39m \u001b[38;5;3m[RouterExplorer] \u001b[39m\u001b[32mMapped {/members/:id, GET} route\u001b[39m\u001b[38;5;3m +2ms\u001b[39m","metadata":{"emulator":{"name":"functions"},"function":{"name":"asia-northeast1-api"},"message":"\u001b[90m> \u001b[39m \u001b[32m[Nest] 43479  - \u001b[39m2021/10/11 16:34:19 \u001b[32m    LOG\u001b[39m \u001b[38;5;3m[RouterExplorer] \u001b[39m\u001b[32mMapped {/members/:id, GET} route\u001b[39m\u001b[38;5;3m +2ms\u001b[39m"}}
[info] >  [Nest] 43479  - 2021/10/11 16:34:19     LOG [RouterExplorer] Mapped {/members, GET} route +1ms {"user":"\u001b[32m[Nest] 43479  - \u001b[39m2021/10/11 16:34:19 \u001b[32m    LOG\u001b[39m \u001b[38;5;3m[RouterExplorer] \u001b[39m\u001b[32mMapped {/members, GET} route\u001b[39m\u001b[38;5;3m +1ms\u001b[39m","metadata":{"emulator":{"name":"functions"},"function":{"name":"asia-northeast1-api"},"message":"\u001b[90m> \u001b[39m \u001b[32m[Nest] 43479  - \u001b[39m2021/10/11 16:34:19 \u001b[32m    LOG\u001b[39m \u001b[38;5;3m[RouterExplorer] \u001b[39m\u001b[32mMapped {/members, GET} route\u001b[39m\u001b[38;5;3m +1ms\u001b[39m"}}
[info] >  [Nest] 43479  - 2021/10/11 16:34:19     LOG [NestApplication] Nest application successfully started +2ms {"user":"\u001b[32m[Nest] 43479  - \u001b[39m2021/10/11 16:34:19 \u001b[32m    LOG\u001b[39m \u001b[38;5;3m[NestApplication] \u001b[39m\u001b[32mNest application successfully started\u001b[39m\u001b[38;5;3m +2ms\u001b[39m","metadata":{"emulator":{"name":"functions"},"function":{"name":"asia-northeast1-api"},"message":"\u001b[90m> \u001b[39m \u001b[32m[Nest] 43479  - \u001b[39m2021/10/11 16:34:19 \u001b[32m    LOG\u001b[39m \u001b[38;5;3m[NestApplication] \u001b[39m\u001b[32mNest application successfully started\u001b[39m\u001b[38;5;3m +2ms\u001b[39m"}}
[info] >  Nest Ready {"user":"Nest Ready","metadata":{"emulator":{"name":"functions"},"function":{"name":"asia-northeast1-api"},"message":"\u001b[90m> \u001b[39m Nest Ready"}}
[debug] [2021-10-11T16:34:19.492Z] [functions] Runtime ready! Sending request! {"metadata":{"emulator":{"name":"functions"},"message":"[functions] Runtime ready! Sending request!"}}
[debug] [2021-10-11T16:34:19.493Z] [functions] Got req.url=/toipptakosan11-71185/asia-northeast1/api/members, mapping to path=/members {"metadata":{"emulator":{"name":"functions"},"message":"[functions] Got req.url=/toipptakosan11-71185/asia-northeast1/api/members, mapping to path=/members"}}
[debug] [2021-10-11T16:34:19.498Z] [runtime-status] [43479] Ephemeral server handling GET request {"metadata":{"emulator":{"name":"functions"},"function":{"name":"asia-northeast1-api"},"message":"[runtime-status] [43479] Ephemeral server handling GET request"}}
[debug] [2021-10-11T16:34:19.501Z] [runtime-status] [43479] Ephemeral server survived. {"metadata":{"emulator":{"name":"functions"},"function":{"name":"asia-northeast1-api"},"message":"[runtime-status] [43479] Ephemeral server survived."}}
[info] i  functions: Finished "asia-northeast1-api" in ~1s {"metadata":{"emulator":{"name":"functions"},"function":{"name":"asia-northeast1-api"},"message":"Finished \"asia-northeast1-api\" in ~1s"}}
[debug] [2021-10-11T16:34:19.731Z] [worker-asia-northeast1-api-50abddd5-5107-4fd2-ba0e-fc98c7c47e7d]: IDLE {"metadata":{"emulator":{"name":"functions"},"message":"[worker-asia-northeast1-api-50abddd5-5107-4fd2-ba0e-fc98c7c47e7d]: IDLE"}}
[debug] [2021-10-11T16:34:19.731Z] [work-queue] {"queueLength":0,"workRunningCount":0}
[debug] [2021-10-11T16:34:20.595Z] [work-queue] {"queueLength":1,"workRunningCount":0}
[debug] [2021-10-11T16:34:20.596Z] [work-queue] {"queueLength":0,"workRunningCount":1}
[debug] [2021-10-11T16:34:20.596Z] Accepted request GET /toipptakosan11-71185/asia-northeast1/api/members/00-ieizjb --> asia-northeast1-api
[debug] [2021-10-11T16:34:20.596Z] [worker-pool] submitWork(triggerId=asia-northeast1-api) {"metadata":{"emulator":{"name":"functions"},"message":"[worker-pool] submitWork(triggerId=asia-northeast1-api)"}}
[debug] [2021-10-11T16:34:20.596Z] [worker-asia-northeast1-api-50abddd5-5107-4fd2-ba0e-fc98c7c47e7d]: Assigning socketPath: /var/folders/5c/hv0n5c311d5f2251j4qgxp540000gn/T/fire_emu_43479.sock {"metadata":{"emulator":{"name":"functions"},"message":"[worker-asia-northeast1-api-50abddd5-5107-4fd2-ba0e-fc98c7c47e7d]: Assigning socketPath: /var/folders/5c/hv0n5c311d5f2251j4qgxp540000gn/T/fire_emu_43479.sock"}}
[debug] [2021-10-11T16:34:20.596Z] [worker-asia-northeast1-api-50abddd5-5107-4fd2-ba0e-fc98c7c47e7d]: BUSY {"metadata":{"emulator":{"name":"functions"},"message":"[worker-asia-northeast1-api-50abddd5-5107-4fd2-ba0e-fc98c7c47e7d]: BUSY"}}
[debug] [2021-10-11T16:34:20.597Z] [runtime-status] [43479] Trigger "asia-northeast1-api" has been found, beginning invocation! {"metadata":{"emulator":{"name":"functions"},"function":{"name":"asia-northeast1-api"},"message":"[runtime-status] [43479] Trigger \"asia-northeast1-api\" has been found, beginning invocation!"}}
[info] i  functions: Beginning execution of "asia-northeast1-api" {"metadata":{"emulator":{"name":"functions"},"function":{"name":"asia-northeast1-api"},"message":"Beginning execution of \"asia-northeast1-api\""}}
[debug] [2021-10-11T16:34:20.597Z] [runtime-status] [43479] triggerDefinition {"regions":["asia-northeast1"],"httpsTrigger":{},"name":"api","entryPoint":"api","region":"asia-northeast1","id":"asia-northeast1-api"} {"metadata":{"emulator":{"name":"functions"},"function":{"name":"asia-northeast1-api"},"message":"[runtime-status] [43479] triggerDefinition {\"regions\":[\"asia-northeast1\"],\"httpsTrigger\":{},\"name\":\"api\",\"entryPoint\":\"api\",\"region\":\"asia-northeast1\",\"id\":\"asia-northeast1-api\"}"}}
[debug] [2021-10-11T16:34:20.598Z] [runtime-status] [43479] Running asia-northeast1-api in signature http {"metadata":{"emulator":{"name":"functions"},"function":{"name":"asia-northeast1-api"},"message":"[runtime-status] [43479] Running asia-northeast1-api in signature http"}}
[debug] [2021-10-11T16:34:20.598Z] [runtime-status] [43479] Attempting to listen to socketPath: /var/folders/5c/hv0n5c311d5f2251j4qgxp540000gn/T/fire_emu_43479.sock {"metadata":{"emulator":{"name":"functions"},"function":{"name":"asia-northeast1-api"},"message":"[runtime-status] [43479] Attempting to listen to socketPath: /var/folders/5c/hv0n5c311d5f2251j4qgxp540000gn/T/fire_emu_43479.sock"}}
[debug] [2021-10-11T16:34:20.599Z] [functions] Runtime ready! Sending request! {"metadata":{"emulator":{"name":"functions"},"message":"[functions] Runtime ready! Sending request!"}}
[debug] [2021-10-11T16:34:20.599Z] [functions] Got req.url=/toipptakosan11-71185/asia-northeast1/api/members/00-ieizjb, mapping to path=/members/00-ieizjb {"metadata":{"emulator":{"name":"functions"},"message":"[functions] Got req.url=/toipptakosan11-71185/asia-northeast1/api/members/00-ieizjb, mapping to path=/members/00-ieizjb"}}
[debug] [2021-10-11T16:34:20.601Z] [runtime-status] [43479] Ephemeral server handling GET request {"metadata":{"emulator":{"name":"functions"},"function":{"name":"asia-northeast1-api"},"message":"[runtime-status] [43479] Ephemeral server handling GET request"}}
[debug] [2021-10-11T16:34:20.602Z] [runtime-status] [43479] Ephemeral server survived. {"metadata":{"emulator":{"name":"functions"},"function":{"name":"asia-northeast1-api"},"message":"[runtime-status] [43479] Ephemeral server survived."}}
[info] i  functions: Finished "asia-northeast1-api" in ~1s {"metadata":{"emulator":{"name":"functions"},"function":{"name":"asia-northeast1-api"},"message":"Finished \"asia-northeast1-api\" in ~1s"}}
[debug] [2021-10-11T16:34:20.766Z] [worker-asia-northeast1-api-50abddd5-5107-4fd2-ba0e-fc98c7c47e7d]: IDLE {"metadata":{"emulator":{"name":"functions"},"message":"[worker-asia-northeast1-api-50abddd5-5107-4fd2-ba0e-fc98c7c47e7d]: IDLE"}}
[debug] [2021-10-11T16:34:20.767Z] [work-queue] {"queueLength":0,"workRunningCount":0}
[debug] [2021-10-11T16:34:22.865Z] [work-queue] {"queueLength":1,"workRunningCount":0}
[debug] [2021-10-11T16:34:22.866Z] [work-queue] {"queueLength":0,"workRunningCount":1}
[debug] [2021-10-11T16:34:22.866Z] Accepted request GET /toipptakosan11-71185/asia-northeast1/api/members --> asia-northeast1-api
[debug] [2021-10-11T16:34:22.866Z] [worker-pool] submitWork(triggerId=asia-northeast1-api) {"metadata":{"emulator":{"name":"functions"},"message":"[worker-pool] submitWork(triggerId=asia-northeast1-api)"}}
[debug] [2021-10-11T16:34:22.866Z] [worker-asia-northeast1-api-50abddd5-5107-4fd2-ba0e-fc98c7c47e7d]: Assigning socketPath: /var/folders/5c/hv0n5c311d5f2251j4qgxp540000gn/T/fire_emu_43479.sock {"metadata":{"emulator":{"name":"functions"},"message":"[worker-asia-northeast1-api-50abddd5-5107-4fd2-ba0e-fc98c7c47e7d]: Assigning socketPath: /var/folders/5c/hv0n5c311d5f2251j4qgxp540000gn/T/fire_emu_43479.sock"}}
[debug] [2021-10-11T16:34:22.866Z] [worker-asia-northeast1-api-50abddd5-5107-4fd2-ba0e-fc98c7c47e7d]: BUSY {"metadata":{"emulator":{"name":"functions"},"message":"[worker-asia-northeast1-api-50abddd5-5107-4fd2-ba0e-fc98c7c47e7d]: BUSY"}}
[debug] [2021-10-11T16:34:22.866Z] [runtime-status] [43479] Trigger "asia-northeast1-api" has been found, beginning invocation! {"metadata":{"emulator":{"name":"functions"},"function":{"name":"asia-northeast1-api"},"message":"[runtime-status] [43479] Trigger \"asia-northeast1-api\" has been found, beginning invocation!"}}
[info] i  functions: Beginning execution of "asia-northeast1-api" {"metadata":{"emulator":{"name":"functions"},"function":{"name":"asia-northeast1-api"},"message":"Beginning execution of \"asia-northeast1-api\""}}
[debug] [2021-10-11T16:34:22.867Z] [runtime-status] [43479] triggerDefinition {"regions":["asia-northeast1"],"httpsTrigger":{},"name":"api","entryPoint":"api","region":"asia-northeast1","id":"asia-northeast1-api"} {"metadata":{"emulator":{"name":"functions"},"function":{"name":"asia-northeast1-api"},"message":"[runtime-status] [43479] triggerDefinition {\"regions\":[\"asia-northeast1\"],\"httpsTrigger\":{},\"name\":\"api\",\"entryPoint\":\"api\",\"region\":\"asia-northeast1\",\"id\":\"asia-northeast1-api\"}"}}
[debug] [2021-10-11T16:34:22.867Z] [runtime-status] [43479] Running asia-northeast1-api in signature http {"metadata":{"emulator":{"name":"functions"},"function":{"name":"asia-northeast1-api"},"message":"[runtime-status] [43479] Running asia-northeast1-api in signature http"}}
[debug] [2021-10-11T16:34:22.867Z] [runtime-status] [43479] Attempting to listen to socketPath: /var/folders/5c/hv0n5c311d5f2251j4qgxp540000gn/T/fire_emu_43479.sock {"metadata":{"emulator":{"name":"functions"},"function":{"name":"asia-northeast1-api"},"message":"[runtime-status] [43479] Attempting to listen to socketPath: /var/folders/5c/hv0n5c311d5f2251j4qgxp540000gn/T/fire_emu_43479.sock"}}
[debug] [2021-10-11T16:34:22.868Z] [functions] Runtime ready! Sending request! {"metadata":{"emulator":{"name":"functions"},"message":"[functions] Runtime ready! Sending request!"}}
[debug] [2021-10-11T16:34:22.868Z] [functions] Got req.url=/toipptakosan11-71185/asia-northeast1/api/members, mapping to path=/members {"metadata":{"emulator":{"name":"functions"},"message":"[functions] Got req.url=/toipptakosan11-71185/asia-northeast1/api/members, mapping to path=/members"}}
[debug] [2021-10-11T16:34:22.870Z] [runtime-status] [43479] Ephemeral server handling GET request {"metadata":{"emulator":{"name":"functions"},"function":{"name":"asia-northeast1-api"},"message":"[runtime-status] [43479] Ephemeral server handling GET request"}}
[debug] [2021-10-11T16:34:22.871Z] [runtime-status] [43479] Ephemeral server survived. {"metadata":{"emulator":{"name":"functions"},"function":{"name":"asia-northeast1-api"},"message":"[runtime-status] [43479] Ephemeral server survived."}}
[info] i  functions: Finished "asia-northeast1-api" in ~1s {"metadata":{"emulator":{"name":"functions"},"function":{"name":"asia-northeast1-api"},"message":"Finished \"asia-northeast1-api\" in ~1s"}}
[debug] [2021-10-11T16:34:23.037Z] [worker-asia-northeast1-api-50abddd5-5107-4fd2-ba0e-fc98c7c47e7d]: IDLE {"metadata":{"emulator":{"name":"functions"},"message":"[worker-asia-northeast1-api-50abddd5-5107-4fd2-ba0e-fc98c7c47e7d]: IDLE"}}
[debug] [2021-10-11T16:34:23.037Z] [work-queue] {"queueLength":0,"workRunningCount":0}
